<?xml version="1.0" encoding="UTF-8"?>
<testsuite xmlns:xsi="http://www.w3.org/2001/XMLSchema-instance" xsi:noNamespaceSchemaLocation="https://maven.apache.org/surefire/maven-surefire-plugin/xsd/surefire-test-report-3.0.xsd" version="3.0" name="TestSuite" time="101.42" tests="5" errors="0" skipped="0" failures="1">
  <properties>
[...]
</properties>
  <testcase name="runScenario[&quot;Check the Home button&quot;, &quot;Optional[Test on Dashboard page]&quot;](1)" classname="Runner.TestngRunner" time="29.666">
    <system-out><![CDATA[************* Inside Before Test ****************
************* Inside Before Test ****************
************** Inside Before Method **************
************** Inside Before Method **************
Runing on Thread - 15
Runing on Thread - 14
]]></system-out>
    <system-err><![CDATA[SLF4J: Failed to load class "org.slf4j.impl.StaticLoggerBinder".
SLF4J: Defaulting to no-operation (NOP) logger implementation
SLF4J: See http://www.slf4j.org/codes.html#StaticLoggerBinder for further details.
Starting ChromeDriver 90.0.4430.24 (4c6d850f087da467d926e8eddb76550aed655991-refs/branch-heads/4430@{#429}) on port 28741
Only local connections are allowed.
Please see https://chromedriver.[c1h6r2o7m3i1u09m1.8.or9g85/s]ecu[riWtAyR-NcIoNnG]s:i deFrraotmiSooncsk Afodrd rs ufgagielsetdi oonsn  onne tkmeaespki
ng ChromeDriver safe.
ChromeDriver was started successfully.
Starting ChromeDriver 90.0.4430.24 (4c6d850f087da467d926e8eddb76550aed655991-refs/branch-heads/4430@{#429}) on port 39630
Only local connections are allowed.
Please see https://chromedriver.chromium.or[g1/6s2e7c3u1r0i9t18y.-9c92on]s[iWdAeRrNIaNtG]i:o nFsr ofmoSro cksAudgdgr efasilteido nos non  kneeeptimnga sChkr
omeDriver safe.
ChromeDriver was started successfully.
[1627310921.412][WARNING]: This version of ChromeDriver has not been tested with Chrome version 91.
[1627310921.435][WARNING]: This version of ChromeDriver has not been tested with Chrome version 91.
Jul 26, 2021 8:18:41 PM org.openqa.selenium.remote.ProtocolHandshake createSession
INFO: Detected dialect: W3C
Jul 26, 2021 8:18:41 PM org.openqa.selenium.remote.ProtocolHandshake createSession
INFO: Detected dialect: W3C
]]></system-err>
  </testcase>
  <testcase name="runScenario[&quot;Check the Contact Link&quot;, &quot;Optional[Test on Dashboard page]&quot;](2)" classname="Runner.TestngRunner" time="19.031">
    <system-out><![CDATA[************** Inside After Method **************
*************** Inside After class
]]></system-out>
    <system-err><![CDATA[Jul 26, 2021 8:19:31 PM tech.grasshopper.pdf.PDFCucumberReport collectReportConfiguration
INFO: PDF report configuration YAML file not found. Using default settings.
]]></system-err>
  </testcase>
  <testcase name="runScenario[&quot;Free CRM Login with valid credential&quot;, &quot;Optional[Free CRM login feature]&quot;](3)" classname="Runner.TestngRunner" time="24.47">
    <system-out><![CDATA[************** Inside After Method **************
************** Inside Before Method **************
Runing on Thread - 14
************* Inside After Test
]]></system-out>
    <system-err><![CDATA[Starting ChromeDriver 90.0.4430.24 (4c6d850f087da467d926e8eddb76550aed655991-refs/branch-heads/4430@{#429}) on port 8101
Only local connections are allowed.
Please see https://chromedriver.chromium.org/security-considerations for suggestions on keeping ChromeDriver safe.
[1627310972.637][WARNING]: FromSockAddr failed on netmask
ChromeDriver was started successfully.
[1627310974.441][WARNING]: This version of ChromeDriver has not been tested with Chrome version 91.
Jul 26, 2021 8:19:34 PM org.openqa.selenium.remote.ProtocolHandshake createSession
INFO: Detected dialect: W3C
&amp#27;[32m&amp#27;[1m┌──────────────────────────────────────────────────────────────────────────┐&amp#27;[0m
&amp#27;[32m&amp#27;[1m│&amp#27;[0m View your Cucumber Report at:                                            &amp#27;[32m&amp#27;[1m│&amp#27;[0m
&amp#27;[32m&amp#27;[1m│&amp#27;[0m &amp#27;[1m&amp#27;[36m&amp#27;[4mhttps://reports.cucumber.io/reports/b9b002ce-aa23-4add-9d78-4fc9ead09d57&amp#27;[0m &amp#27;[32m&amp#27;[1m│&amp#27;[0m
&amp#27;[32m&amp#27;[1m│&amp#27;[0m                                                                          &amp#27;[32m&amp#27;[1m│&amp#27;[0m
&amp#27;[32m&amp#27;[1m│&amp#27;[0m &amp#27;[1mThis report will self-destruct in 24h.&amp#27;[0m                                   &amp#27;[32m&amp#27;[1m│&amp#27;[0m
&amp#27;[32m&amp#27;[1m│&amp#27;[0m Keep reports forever: &amp#27;[4m&amp#27;[1m&amp#27;[36mhttps://reports.cucumber.io/profile&amp#27;[0m                &amp#27;[32m&amp#27;[1m│&amp#27;[0m
&amp#27;[32m&amp#27;[1m└──────────────────────────────────────────────────────────────────────────┘&amp#27;[0m]]></system-err>
  </testcase>
  <testcase name="runScenario[&quot;Free CRM Login page elements&quot;, &quot;Optional[Free CRM login feature]&quot;](4)" classname="Runner.TestngRunner" time="13.894">
    <system-out><![CDATA[************** Inside After Method **************
************** Inside Before Method **************
Runing on Thread - 14
]]></system-out>
    <system-err><![CDATA[Starting ChromeDriver 90.0.4430.24 (4c6d850f087da467d926e8eddb76550aed655991-refs/branch-heads/4430@{#429}) on port 47404
Only local connections are allowed.
Please see https://chromedriver.chromium.org/security-considerations for suggestions on keeping ChromeDriver safe.
[1627310999.457][WARNING]: FromSockAddr failed on netmask
ChromeDriver was started successfully.
[1627311000.924][WARNING]: This version of ChromeDriver has not been tested with Chrome version 91.
Jul 26, 2021 8:20:00 PM org.openqa.selenium.remote.ProtocolHandshake createSession
INFO: Detected dialect: W3C
]]></system-err>
  </testcase>
  <testcase name="runScenario[&quot;Create a new contact&quot;, &quot;Optional[Test on Contact Feature]&quot;](1)" classname="Runner.ContactRunner" time="17.107">
    <failure message="Expected condition failed: waiting for visibility of Proxy element for: DefaultElementLocator &apos;By.cssSelector: input[name=&apos;first_name&apos;]&apos; (tried for 10 second(s) with 500 milliseconds interval)" type="org.openqa.selenium.TimeoutException"><![CDATA[org.openqa.selenium.TimeoutException: Expected condition failed: waiting for visibility of Proxy element for: DefaultElementLocator 'By.cssSelector: input[name='first_name']' (tried for 10 second(s) with 500 milliseconds interval)
	at Runner.ContactRunner.runScenario(ContactRunner.java:55)
]]></failure>
    <system-out><![CDATA[************** Inside After Method **************
************** Inside Before Method **************
Runing on Thread - 14
]]></system-out>
    <system-err><![CDATA[Starting ChromeDriver 90.0.4430.24 (4c6d850f087da467d926e8eddb76550aed655991-refs/branch-heads/4430@{#429}) on port 15302
Only local connections are allowed.
Please see https://chromedriver.chromium.org/security-considerations for suggestions on keeping ChromeDriver safe.
[1627310951.964][WARNINGC]hr:o mFerDormivSeorc kwAas dsdtra rftaeid lsedu cocnes snfeutlmlay.s
k
[1627310953.107][WARNING]: This version of ChromeDriver has not been tested with Chrome version 91.
Jul 26, 2021 8:19:13 PM org.openqa.selenium.remote.ProtocolHandshake createSession
INFO: Detected dialect: W3C
]]></system-err>
  </testcase>
</testsuite>