<?xml version="1.0" encoding="UTF-8"?>
<testsuite xmlns:xsi="http://www.w3.org/2001/XMLSchema-instance" xsi:noNamespaceSchemaLocation="https://maven.apache.org/surefire/maven-surefire-plugin/xsd/surefire-test-report-3.0.xsd" version="3.0" name="TestSuite" time="95.916" tests="5" errors="0" skipped="0" failures="3">
  <properties>
[...]
</properties>
  <testcase name="runScenario[&quot;Check the Contact Link&quot;, &quot;Optional[Test on Dashboard page]&quot;](1)" classname="Runner.TestRunner" time="33.876">
    <failure message="Expected condition failed: waiting for visibility of [[ChromeDriver: chrome on MAC (bc5b2fb7d78c46063daa754d73b18404)] -&gt; xpath: //input[@name=&apos;email&apos;]] (tried for 20 second(s) with 500 milliseconds interval)" type="org.openqa.selenium.TimeoutException"><![CDATA[org.openqa.selenium.TimeoutException: Expected condition failed: waiting for visibility of [[ChromeDriver: chrome on MAC (bc5b2fb7d78c46063daa754d73b18404)] -> xpath: //input[@name='email']] (tried for 20 second(s) with 500 milliseconds interval)
	at Runner.TestRunner.runScenario(TestRunner.java:54)
]]></failure>
    <system-out><![CDATA[************* Inside Before Test ****************
************** Inside Before Method **************
************** Inside Before Method **************
************** Inside Before Method **************
Runing on Thread - 17
Runing on Thread - 18
Runing on Thread - 16
]]></system-out>
    <system-err><![CDATA[Starting ChromeDriver 90.0.4430.24 (4c6d850f087da467d926e8eddb76550aed655991-refs/branch-heads/4430@{#429}) on port 25309
Only local connections are allowed.
Please see https://chromedriver.chromium.org/security-considerations for suggestions on keeping [16C2h66r9o9m875.e84D4r][WiAvRerNIN Gsa]f:e Fr.o
mSockAddr failed on netmask
ChromeDriver was started successfully.
Starting ChromeDriver 90.0.4430.24 (4c6d850f087da467d926e8eddb76550aed655991-refs/branch-heads/4430@{#429}) on port 31360
Only local connections are allowed.
Please see https://chromedriver.chromium.org/security-considerations for suggestions on keeping ChromeDriver safe.
[1626699875.862][WARNING]: FromSockAddr failed on netmask
ChromeDriver was started successfully.
Starting ChromeDriver 90.0.4430.24 (4c6d850f087da467d926e8eddb76550aed655991-refs/branch-heads/4430@{#429}) on port 36944
Only local connections are allowed.
Please see https://chromedriver.chromium.org/security-considerations for suggestions on keeping ChromeDriver safe.
[1626699875.879][WARNING]: FromSockAddr failed on netmask
ChromeDriver was started successfully.
[1626699878.375][WARNING]: This version of ChromeDriver has not been tested with Chrome version 91.
Jul 19, 2021 6:34:38 PM org.openqa.selenium.remote.ProtocolHandshake createSession
INFO: Detected dialect: W3C
[1626699878.846][WARNING]: This version of ChromeDriver has not been tested with Chrome version 91.
Jul 19, 2021 6:34:38 PM org.openqa.selenium.remote.ProtocolHandshake createSession
INFO: Detected dialect: W3C
[1626699879.843][WARNING]: This version of ChromeDriver has not been tested with Chrome version 91.
Jul 19, 2021 6:34:39 PM org.openqa.selenium.remote.ProtocolHandshake createSession
INFO: Detected dialect: W3C
]]></system-err>
  </testcase>
  <testcase name="runScenario[&quot;Check the Home button&quot;, &quot;Optional[Test on Dashboard page]&quot;](2)" classname="Runner.TestRunner" time="34.697">
    <failure message="Expected condition failed: waiting for visibility of [[ChromeDriver: chrome on MAC (3b5348d4043fe605897fb60c8cc3abf4)] -&gt; xpath: //input[@name=&apos;email&apos;]] (tried for 20 second(s) with 500 milliseconds interval)" type="org.openqa.selenium.TimeoutException"><![CDATA[org.openqa.selenium.TimeoutException: Expected condition failed: waiting for visibility of [[ChromeDriver: chrome on MAC (3b5348d4043fe605897fb60c8cc3abf4)] -> xpath: //input[@name='email']] (tried for 20 second(s) with 500 milliseconds interval)
	at Runner.TestRunner.runScenario(TestRunner.java:54)
]]></failure>
    <system-out><![CDATA[************** Inside After Method **************
************** Inside Before Method **************
Runing on Thread - 18
]]></system-out>
    <system-err><![CDATA[Starting ChromeDriver 90.0.4430.24 (4c6d850f087da467d926e8eddb76550aed655991-refs/branch-heads/4430@{#429}) on port 39446
Only local connections are allowed.
Please see https://chromedriver.chromium.org/security-consideratio[n1s62 66999f1o4r.752 ][sWAuRNINgGg]:e sFtrioomnSockAdds ron  fkaeielpeindg Chro meDroivenr  snaetfme.
aChsrkom
eDriver was started successfully.
]]></system-err>
  </testcase>
  <testcase name="runScenario[&quot;Create a new contact&quot;, &quot;Optional[Test on Contact Feature]&quot;](3)" classname="Runner.TestRunner" time="0.008">
    <failure message="Expected condition failed: waiting for visibility of [[ChromeDriver: chrome on MAC (9252d9e10cf2c23cdf84c1bb004ab38f)] -&gt; xpath: //input[@name=&apos;email&apos;]] (tried for 20 second(s) with 500 milliseconds interval)" type="org.openqa.selenium.TimeoutException"><![CDATA[org.openqa.selenium.TimeoutException: Expected condition failed: waiting for visibility of [[ChromeDriver: chrome on MAC (9252d9e10cf2c23cdf84c1bb004ab38f)] -> xpath: //input[@name='email']] (tried for 20 second(s) with 500 milliseconds interval)
	at Runner.TestRunner.runScenario(TestRunner.java:54)
]]></failure>
    <system-out><![CDATA[************** Inside After Method **************
************** Inside Before Method **************
Runing on Thread - 17
]]></system-out>
    <system-err><![CDATA[Starting ChromeDriver 90.0.4430.24 (4c6d850f087da467d926e8eddb76550aed655991-refs/branch-heads/4430@{#429}) on port 1727
Only local connections are allowed.
Please see https://chromedriver.chromium.org/security-considerations for suggestions on keeping ChromeDriver safe.
[1626699915.717][WARNING]: FromSockAddr failed on netmask
ChromeDriver was started successfully.
[1626699916.900][WARNING]: This version of ChromeDriver has not been tested with Chrome version 91.
Jul 19, 2021 6:35:16 PM org.openqa.selenium.remote.ProtocolHandshake createSession
INFO: Detected dialect: W3C
[1626699917.222][WARNING]: This version of ChromeDriver has not been tested with Chrome version 91.
Jul 19, 2021 6:35:17 PM org.openqa.selenium.remote.ProtocolHandshake createSession
INFO: Detected dialect: W3C
]]></system-err>
  </testcase>
  <testcase name="runScenario[&quot;Free CRM Login page elements&quot;, &quot;Optional[Free CRM login feature]&quot;](4)" classname="Runner.TestRunner" time="33.021">
    <system-out><![CDATA[************** Inside After Method **************
]]></system-out>
  </testcase>
  <testcase name="runScenario[&quot;Free CRM Login with valid credential&quot;, &quot;Optional[Free CRM login feature]&quot;](5)" classname="Runner.TestRunner" time="40.341">
    <system-out><![CDATA[************** Inside After Method **************
]]></system-out>
  </testcase>
</testsuite>